<?xml version="1.0" encoding="UTF-8"?>
<testng-results skipped="0" failed="0" total="1" passed="1">
  <reporter-output>
    <line>
      <![CDATA[User Name--->matthewplanz@gmail.com]]>
    </line>
    <line>
      <![CDATA[Membership Number--->19163000036819]]>
    </line>
  </reporter-output>
  <suite name="Default suite" duration-ms="46700" started-at="2019-10-31T06:01:52Z" finished-at="2019-10-31T06:02:39Z">
    <groups>
    </groups>
    <test name="Default test" duration-ms="46700" started-at="2019-10-31T06:01:52Z" finished-at="2019-10-31T06:02:39Z">
      <class name="Sample.NewTest">
        <test-method status="PASS" signature="beforeMethod()[pri:0, instance:Sample.NewTest@3b81a1bc]" name="beforeMethod" is-config="true" duration-ms="10316" started-at="2019-10-31T11:31:52Z" finished-at="2019-10-31T11:32:02Z">
          <reporter-output>
          </reporter-output>
        </test-method> <!-- beforeMethod -->
        <test-method status="PASS" signature="NewTest()[pri:0, instance:Sample.NewTest@3b81a1bc]" name="NewTest" duration-ms="32497" started-at="2019-10-31T11:32:02Z" finished-at="2019-10-31T11:32:35Z">
          <reporter-output>
            <line>
              <![CDATA[User Name--->matthewplanz@gmail.com]]>
            </line>
            <line>
              <![CDATA[Membership Number--->19163000036819]]>
            </line>
          </reporter-output>
        </test-method> <!-- NewTest -->
        <test-method status="PASS" signature="afterMethod()[pri:0, instance:Sample.NewTest@3b81a1bc]" name="afterMethod" is-config="true" duration-ms="3870" started-at="2019-10-31T11:32:35Z" finished-at="2019-10-31T11:32:39Z">
          <reporter-output>
          </reporter-output>
        </test-method> <!-- afterMethod -->
      </class> <!-- Sample.NewTest -->
    </test> <!-- Default test -->
  </suite> <!-- Default suite -->
</testng-results>
